<?xml version="1.0" encoding="UTF-8"?>
<!-- Generated by org.testng.reporters.JUnitXMLReporter -->
<testsuite ignored="0" hostname="DESKTOP-QS6HK1O" failures="0" tests="3" name="Default test" time="5.871" errors="0" timestamp="2022-11-04T16:09:56 CET">
  <testcase classname="testng.seleniumtests" name="calcTest" time="0.117"/>
  <testcase classname="testng.seleniumtests" name="purchaseFlight" time="0.754"/>
  <testcase classname="testng.seleniumtests" name="showFlightTest" time="0.389"/>
</testsuite> <!-- Default test -->
