<?xml version="1.0" encoding="UTF-8"?>
<testng-results ignored="0" total="3" passed="3" failed="0" skipped="0">
  <reporter-output>
  </reporter-output>
  <suite started-at="2022-11-04T16:09:50 CET" name="Default suite" finished-at="2022-11-04T16:09:56 CET" duration-ms="5871">
    <groups>
    </groups>
    <test started-at="2022-11-04T16:09:50 CET" name="Default test" finished-at="2022-11-04T16:09:56 CET" duration-ms="5871">
      <class name="testng.seleniumtests">
        <test-method is-config="true" signature="setUp()[pri:0, instance:testng.seleniumtests@27ce24aa]" started-at="2022-11-04T16:09:50 CET" name="setUp" finished-at="2022-11-04T16:09:52 CET" duration-ms="1885" status="PASS">
          <reporter-output>
          </reporter-output>
        </test-method> <!-- setUp -->
        <test-method signature="calcTest(java.lang.String,java.lang.String)[pri:0, instance:testng.seleniumtests@27ce24aa]" started-at="2022-11-04T16:09:52 CET" name="calcTest" data-provider="calc-data" finished-at="2022-11-04T16:09:52 CET" duration-ms="117" status="PASS">
          <params>
            <param index="0">
              <value>
                <![CDATA[Esteban]]>
              </value>
            </param>
            <param index="1">
              <value>
                <![CDATA[Welcome! Esteban]]>
              </value>
            </param>
          </params>
          <reporter-output>
          </reporter-output>
        </test-method> <!-- calcTest -->
        <test-method is-config="true" signature="tearDown()[pri:0, instance:testng.seleniumtests@27ce24aa]" started-at="2022-11-04T16:09:52 CET" name="tearDown" finished-at="2022-11-04T16:09:52 CET" duration-ms="54" status="PASS">
          <reporter-output>
          </reporter-output>
        </test-method> <!-- tearDown -->
        <test-method is-config="true" signature="setUp()[pri:0, instance:testng.seleniumtests@27ce24aa]" started-at="2022-11-04T16:09:52 CET" name="setUp" finished-at="2022-11-04T16:09:53 CET" duration-ms="1245" status="PASS">
          <reporter-output>
          </reporter-output>
        </test-method> <!-- setUp -->
        <test-method signature="purchaseFlight(java.lang.String,java.lang.String,java.lang.String,java.lang.String,java.lang.String,java.lang.String,java.lang.String)[pri:0, instance:testng.seleniumtests@27ce24aa]" started-at="2022-11-04T16:09:53 CET" name="purchaseFlight" data-provider="makereservation" finished-at="2022-11-04T16:09:54 CET" duration-ms="754" status="PASS">
          <params>
            <param index="0">
              <value>
                <![CDATA[Esteban]]>
              </value>
            </param>
            <param index="1">
              <value>
                <![CDATA[1]]>
              </value>
            </param>
            <param index="2">
              <value>
                <![CDATA[Jorge]]>
              </value>
            </param>
            <param index="3">
              <value>
                <![CDATA[Montoya]]>
              </value>
            </param>
            <param index="4">
              <value>
                <![CDATA[Español]]>
              </value>
            </param>
            <param index="5">
              <value>
                <![CDATA[777555784]]>
              </value>
            </param>
            <param index="6">
              <value>
                <![CDATA[26]]>
              </value>
            </param>
          </params>
          <reporter-output>
          </reporter-output>
        </test-method> <!-- purchaseFlight -->
        <test-method is-config="true" signature="tearDown()[pri:0, instance:testng.seleniumtests@27ce24aa]" started-at="2022-11-04T16:09:54 CET" name="tearDown" finished-at="2022-11-04T16:09:54 CET" duration-ms="79" status="PASS">
          <reporter-output>
          </reporter-output>
        </test-method> <!-- tearDown -->
        <test-method is-config="true" signature="setUp()[pri:0, instance:testng.seleniumtests@27ce24aa]" started-at="2022-11-04T16:09:54 CET" name="setUp" finished-at="2022-11-04T16:09:55 CET" duration-ms="1246" status="PASS">
          <reporter-output>
          </reporter-output>
        </test-method> <!-- setUp -->
        <test-method signature="showFlightTest(java.lang.String,java.lang.String,java.lang.String)[pri:0, instance:testng.seleniumtests@27ce24aa]" started-at="2022-11-04T16:09:55 CET" name="showFlightTest" data-provider="nameflight" finished-at="2022-11-04T16:09:56 CET" duration-ms="389" status="PASS">
          <params>
            <param index="0">
              <value>
                <![CDATA[Esteban]]>
              </value>
            </param>
            <param index="1">
              <value>
                <![CDATA[sevilla]]>
              </value>
            </param>
            <param index="2">
              <value>
                <![CDATA[granada]]>
              </value>
            </param>
          </params>
          <reporter-output>
          </reporter-output>
        </test-method> <!-- showFlightTest -->
        <test-method is-config="true" signature="tearDown()[pri:0, instance:testng.seleniumtests@27ce24aa]" started-at="2022-11-04T16:09:56 CET" name="tearDown" finished-at="2022-11-04T16:09:56 CET" duration-ms="77" status="PASS">
          <reporter-output>
          </reporter-output>
        </test-method> <!-- tearDown -->
      </class> <!-- testng.seleniumtests -->
    </test> <!-- Default test -->
  </suite> <!-- Default suite -->
</testng-results>
